TN:
SF:/Users/knfx094/Projects/express-angular-internal-template/web-client/src/test.ts
FNF:0
FNH:0
DA:13,1
DA:18,1
DA:20,1
LF:3
LH:3
BRF:0
BRH:0
end_of_record
TN:
SF:/Users/knfx094/Projects/express-angular-internal-template/web-client/src/app/app.component.ts
FN:8,(anonymous_0)
FN:3,AppComponent
FNF:2
FNH:2
FNDA:1,(anonymous_0)
FNDA:2,AppComponent
DA:8,1
DA:9,2
DA:10,1
LF:3
LH:3
BRF:0
BRH:0
end_of_record
TN:
SF:/Users/knfx094/Projects/express-angular-internal-template/web-client/src/app/components/dashboard/dashboard.component.ts
FN:8,(anonymous_0)
FN:10,DashboardComponent
FN:12,(anonymous_2)
FNF:3
FNH:3
FNDA:1,(anonymous_0)
FNDA:1,DashboardComponent
FNDA:1,(anonymous_2)
DA:8,1
DA:12,1
DA:15,1
LF:3
LH:3
BRF:0
BRH:0
end_of_record
TN:
SF:/Users/knfx094/Projects/express-angular-internal-template/web-client/src/app/components/page-not-found/page-not-found.component.ts
FN:9,(anonymous_0)
FN:11,PageNotFoundComponent
FN:15,(anonymous_2)
FNF:3
FNH:3
FNDA:1,(anonymous_0)
FNDA:1,PageNotFoundComponent
FNDA:1,(anonymous_2)
DA:9,1
DA:11,1
DA:12,1
DA:15,1
DA:18,1
LF:5
LH:5
BRF:0
BRH:0
end_of_record
TN:
SF:/Users/knfx094/Projects/express-angular-internal-template/web-client/src/app/components/profile/profile.component.ts
FN:11,(anonymous_0)
FN:14,ProfileComponent
FN:18,(anonymous_2)
FNF:3
FNH:3
FNDA:1,(anonymous_0)
FNDA:11,ProfileComponent
FNDA:11,(anonymous_2)
DA:11,1
DA:14,11
DA:15,11
DA:18,1
DA:22,1
LF:5
LH:5
BRF:0
BRH:0
end_of_record
TN:
SF:/Users/knfx094/Projects/express-angular-internal-template/web-client/src/app/models/endpoints.ts
FN:1,(anonymous_0)
FNF:1
FNH:1
FNDA:1,(anonymous_0)
DA:1,1
DA:2,1
DA:3,1
DA:4,1
LF:4
LH:4
BRF:0
BRH:0
end_of_record
TN:
SF:/Users/knfx094/Projects/express-angular-internal-template/web-client/src/app/models/profile.ts
FN:1,(anonymous_0)
FNF:1
FNH:1
FNDA:3,(anonymous_0)
DA:1,1
DA:9,1
LF:2
LH:2
BRF:0
BRH:0
end_of_record
TN:
SF:/Users/knfx094/Projects/express-angular-internal-template/web-client/src/app/models/shared-data.ts
FN:3,(anonymous_0)
FN:7,SharedData
FN:10,(anonymous_2)
FN:14,(anonymous_3)
FNF:4
FNH:3
FNDA:1,(anonymous_0)
FNDA:5,SharedData
FNDA:12,(anonymous_2)
FNDA:0,(anonymous_3)
DA:3,1
DA:10,1
DA:11,12
DA:14,1
DA:15,0
DA:16,0
DA:18,0
DA:19,0
DA:21,0
DA:24,1
LF:10
LH:5
BRDA:15,0,0,0
BRDA:15,0,1,0
BRDA:18,1,0,0
BRDA:18,1,1,0
BRF:4
BRH:0
end_of_record
TN:
SF:/Users/knfx094/Projects/express-angular-internal-template/web-client/src/app/services/headers.service.ts
FN:7,(anonymous_0)
FN:11,HeadersService
FN:20,(anonymous_2)
FNF:3
FNH:3
FNDA:1,(anonymous_0)
FNDA:11,HeadersService
FNDA:1,(anonymous_2)
DA:7,1
DA:12,11
DA:20,1
DA:21,1
DA:24,1
LF:5
LH:5
BRF:0
BRH:0
end_of_record
TN:
SF:/Users/knfx094/Projects/express-angular-internal-template/web-client/src/app/services/http.service.ts
FN:11,(anonymous_0)
FN:13,HttpService
FN:18,(anonymous_2)
FN:25,(anonymous_3)
FN:40,(anonymous_4)
FN:47,(anonymous_5)
FNF:6
FNH:4
FNDA:1,(anonymous_0)
FNDA:11,HttpService
FNDA:1,(anonymous_2)
FNDA:1,(anonymous_3)
FNDA:0,(anonymous_4)
FNDA:0,(anonymous_5)
DA:11,1
DA:14,11
DA:15,11
DA:18,1
DA:19,1
DA:20,0
DA:22,1
DA:23,1
DA:26,1
DA:33,0
DA:34,0
DA:37,1
DA:40,1
DA:41,0
DA:42,0
DA:44,0
DA:45,0
DA:48,0
DA:55,0
DA:56,0
DA:59,0
DA:62,1
LF:22
LH:11
BRDA:19,0,0,0
BRDA:19,0,1,1
BRDA:41,1,0,0
BRDA:41,1,1,0
BRF:4
BRH:1
end_of_record
TN:
SF:/Users/knfx094/Projects/express-angular-internal-template/web-client/src/app/services/profile.service.ts
FN:13,(anonymous_0)
FN:15,ProfileService
FN:19,(anonymous_2)
FN:23,(anonymous_3)
FNF:4
FNH:4
FNDA:1,(anonymous_0)
FNDA:11,ProfileService
FNDA:1,(anonymous_2)
FNDA:1,(anonymous_3)
DA:13,1
DA:16,11
DA:19,1
DA:20,1
DA:23,1
DA:24,1
DA:25,1
DA:26,1
DA:28,0
DA:31,1
LF:10
LH:9
BRDA:25,0,0,1
BRDA:25,0,1,0
BRF:2
BRH:1
end_of_record
